#
# There is insufficient memory for the Java Runtime Environment to continue.
# Native memory allocation (mmap) failed to map 67108864 bytes for G1 virtual space
# Possible reasons:
#   The system is out of physical RAM or swap space
#   The process is running with CompressedOops enabled, and the Java Heap may be blocking the growth of the native heap
# Possible solutions:
#   Reduce memory load on the system
#   Increase physical memory or swap space
#   Check if swap backing store is full
#   Decrease Java heap size (-Xmx/-Xms)
#   Decrease number of Java threads
#   Decrease Java thread stack sizes (-Xss)
#   Set larger code cache with -XX:ReservedCodeCacheSize=
#   JVM is running with Unscaled Compressed Oops mode in which the Java heap is
#     placed in the first 4GB address space. The Java Heap base address is the
#     maximum limit for the native heap growth. Please use -XX:HeapBaseMinAddress
#     to set the Java Heap base and to place the Java Heap above 4GB virtual address.
# This output file may be truncated or incomplete.
#
#  Out of Memory Error (os_windows.cpp:3548), pid=13372, tid=12988
#
# JRE version:  (17.0.5+8) (build )
# Java VM: OpenJDK 64-Bit Server VM (17.0.5+8, mixed mode, sharing, tiered, compressed oops, compressed class ptrs, g1 gc, windows-amd64)
# No core dump will be written. Minidumps are not enabled by default on client versions of Windows
#

---------------  S U M M A R Y ------------

Command Line: -Xmx64m -Xms64m -Dorg.gradle.appname=gradlew org.gradle.wrapper.GradleWrapperMain clean build

Host: Intel(R) Core(TM) i5-4300U CPU @ 1.90GHz, 4 cores, 7G,  Windows 10 , 64 bit Build 19041 (10.0.19041.3636)
Time: Wed Mar  6 16:58:56 2024 India Standard Time elapsed time: 0.097854 seconds (0d 0h 0m 0s)

---------------  T H R E A D  ---------------

Current thread (0x000001943389cdb0):  JavaThread "Unknown thread" [_thread_in_vm, id=12988, stack(0x0000006a31b00000,0x0000006a31c00000)]

Stack: [0x0000006a31b00000,0x0000006a31c00000]
Native frames: (J=compiled Java code, j=interpreted, Vv=VM code, C=native code)
V  [jvm.dll+0x676b3a]
V  [jvm.dll+0x831444]
V  [jvm.dll+0x832bee]
V  [jvm.dll+0x833253]
V  [jvm.dll+0x244ce5]
V  [jvm.dll+0x673a49]
V  [jvm.dll+0x66811a]
V  [jvm.dll+0x303ceb]
V  [jvm.dll+0x30b1e6]
V  [jvm.dll+0x35adbe]
V  [jvm.dll+0x35afef]
V  [jvm.dll+0x2dab88]
V  [jvm.dll+0x2dbaf4]
V  [jvm.dll+0x803121]
V  [jvm.dll+0x368bb1]
V  [jvm.dll+0x7e265c]
V  [jvm.dll+0x3eb17f]
V  [jvm.dll+0x3eccc1]
C  [jli.dll+0x5267]
C  [ucrtbase.dll+0x21bb2]
C  [KERNEL32.DLL+0x17344]
C  [ntdll.dll+0x526b1]


---------------  P R O C E S S  ---------------

Threads class SMR info:
_java_thread_list=0x00007ffcd5a72f18, length=0, elements={
}

Java Threads: ( => current thread )

Other Threads:
  0x00000194338bc410 GCTaskThread "GC Thread#0" [stack: 0x0000006a31c00000,0x0000006a31d00000] [id=22044]
  0x00000194338bf300 ConcurrentGCThread "G1 Main Marker" [stack: 0x0000006a31d00000,0x0000006a31e00000] [id=13348]
  0x00000194338bfd10 ConcurrentGCThread "G1 Conc#0" [stack: 0x0000006a31e00000,0x0000006a31f00000] [id=920]

[error occurred during error reporting (printing all threads), id 0xc0000005, EXCEPTION_ACCESS_VIOLATION (0xc0000005) at pc=0x00007ffcd524b617]

VM state: not at safepoint (not fully initialized)

VM Mutex/Monitor currently owned by a thread:  ([mutex/lock_event])
[0x0000019433897650] Heap_lock - owner thread: 0x000001943389cdb0

Heap address: 0x00000000fc000000, size: 64 MB, Compressed Oops mode: 32-bit

CDS archive(s) mapped at: [0x0000000000000000-0x0000000000000000-0x0000000000000000), size 0, SharedBaseAddress: 0x0000000800000000, ArchiveRelocationMode: 0.
Narrow klass base: 0x0000000000000000, Narrow klass shift: 0, Narrow klass range: 0x0

GC Precious Log:
<Empty>

Heap:
 garbage-first heap   total 0K, used 0K [0x00000000fc000000, 0x0000000100000000)
  region size 1024K, 0 young (0K), 0 survivors (0K)

[error occurred during error reporting (printing heap information), id 0xc0000005, EXCEPTION_ACCESS_VIOLATION (0xc0000005) at pc=0x00007ffcd562fcb9]

GC Heap History (0 events):
No events

Dll operation events (1 events):
Event: 0.066 Loaded shared library C:\Program Files\Eclipse Adoptium\jdk-17.0.5.8-hotspot\bin\java.dll

Deoptimization events (0 events):
No events

Classes unloaded (0 events):
No events

Classes redefined (0 events):
No events

Internal exceptions (0 events):
No events

VM Operations (0 events):
No events

Events (0 events):
No events


Dynamic libraries:
0x00007ff767940000 - 0x00007ff76794e000 	C:\Program Files\Eclipse Adoptium\jdk-17.0.5.8-hotspot\bin\java.exe
0x00007ffd17d10000 - 0x00007ffd17f08000 	C:\WINDOWS\SYSTEM32\ntdll.dll
0x00007ffd16260000 - 0x00007ffd1631d000 	C:\WINDOWS\System32\KERNEL32.DLL
0x00007ffd155d0000 - 0x00007ffd158c6000 	C:\WINDOWS\System32\KERNELBASE.dll
0x00007ffd15c50000 - 0x00007ffd15d50000 	C:\WINDOWS\System32\ucrtbase.dll
0x00007ffd0c5a0000 - 0x00007ffd0c5b7000 	C:\Program Files\Eclipse Adoptium\jdk-17.0.5.8-hotspot\bin\jli.dll
0x00007ffd179c0000 - 0x00007ffd17b5e000 	C:\WINDOWS\System32\USER32.dll
0x00007ffd15ac0000 - 0x00007ffd15ae2000 	C:\WINDOWS\System32\win32u.dll
0x00007ffd17610000 - 0x00007ffd1763b000 	C:\WINDOWS\System32\GDI32.dll
0x00007ffd153d0000 - 0x00007ffd154e7000 	C:\WINDOWS\System32\gdi32full.dll
0x00007ffd15980000 - 0x00007ffd15a1d000 	C:\WINDOWS\System32\msvcp_win.dll
0x00007ffcff510000 - 0x00007ffcff7aa000 	C:\WINDOWS\WinSxS\amd64_microsoft.windows.common-controls_6595b64144ccf1df_6.0.19041.3636_none_60b6a03d71f818d5\COMCTL32.dll
0x00007ffd17570000 - 0x00007ffd1760e000 	C:\WINDOWS\System32\msvcrt.dll
0x00007ffd0b950000 - 0x00007ffd0b969000 	C:\Program Files\Eclipse Adoptium\jdk-17.0.5.8-hotspot\bin\VCRUNTIME140.dll
0x00007ffd160b0000 - 0x00007ffd160e2000 	C:\WINDOWS\System32\IMM32.DLL
0x00007ffd0f350000 - 0x00007ffd0f35c000 	C:\Program Files\Eclipse Adoptium\jdk-17.0.5.8-hotspot\bin\vcruntime140_1.dll
0x00007ffcefe70000 - 0x00007ffceff01000 	C:\Program Files\Eclipse Adoptium\jdk-17.0.5.8-hotspot\bin\msvcp140.dll
0x00007ffcd4f60000 - 0x00007ffcd5ba4000 	C:\Program Files\Eclipse Adoptium\jdk-17.0.5.8-hotspot\bin\server\jvm.dll
0x00007ffd16eb0000 - 0x00007ffd16f63000 	C:\WINDOWS\System32\ADVAPI32.dll
0x00007ffd17b60000 - 0x00007ffd17bff000 	C:\WINDOWS\System32\sechost.dll
0x00007ffd16fd0000 - 0x00007ffd170f6000 	C:\WINDOWS\System32\RPCRT4.dll
0x00007ffd15a20000 - 0x00007ffd15a47000 	C:\WINDOWS\System32\bcrypt.dll
0x00007ffcf5ff0000 - 0x00007ffcf5ff9000 	C:\WINDOWS\SYSTEM32\WSOCK32.dll
0x00007ffd17640000 - 0x00007ffd176ab000 	C:\WINDOWS\System32\WS2_32.dll
0x00007ffcff400000 - 0x00007ffcff427000 	C:\WINDOWS\SYSTEM32\WINMM.dll
0x00007ffd0ade0000 - 0x00007ffd0adea000 	C:\WINDOWS\SYSTEM32\VERSION.dll
0x00007ffd13240000 - 0x00007ffd13252000 	C:\WINDOWS\SYSTEM32\kernel.appcore.dll
0x00007ffd0e7c0000 - 0x00007ffd0e7ca000 	C:\Program Files\Eclipse Adoptium\jdk-17.0.5.8-hotspot\bin\jimage.dll
0x00007ffd0c340000 - 0x00007ffd0c524000 	C:\WINDOWS\SYSTEM32\DBGHELP.DLL
0x00007ffd0c250000 - 0x00007ffd0c284000 	C:\WINDOWS\SYSTEM32\dbgcore.DLL
0x00007ffd154f0000 - 0x00007ffd15572000 	C:\WINDOWS\System32\bcryptPrimitives.dll
0x00007ffd08c30000 - 0x00007ffd08c55000 	C:\Program Files\Eclipse Adoptium\jdk-17.0.5.8-hotspot\bin\java.dll

dbghelp: loaded successfully - version: 4.0.5 - missing functions: none
symbol engine: initialized successfully - sym options: 0x614 - pdb path: .;C:\Program Files\Eclipse Adoptium\jdk-17.0.5.8-hotspot\bin;C:\WINDOWS\SYSTEM32;C:\WINDOWS\WinSxS\amd64_microsoft.windows.common-controls_6595b64144ccf1df_6.0.19041.3636_none_60b6a03d71f818d5;C:\Program Files\Eclipse Adoptium\jdk-17.0.5.8-hotspot\bin\server

VM Arguments:
jvm_args: -Xmx64m -Xms64m -Dorg.gradle.appname=gradlew 
java_command: org.gradle.wrapper.GradleWrapperMain clean build
java_class_path (initial): S:\Android-Revist\WorkshopHub\\gradle\wrapper\gradle-wrapper.jar
Launcher Type: SUN_STANDARD

[Global flags]
     intx CICompilerCount                          = 3                                         {product} {ergonomic}
     uint ConcGCThreads                            = 1                                         {product} {ergonomic}
     uint G1ConcRefinementThreads                  = 4                                         {product} {ergonomic}
   size_t G1HeapRegionSize                         = 1048576                                   {product} {ergonomic}
    uintx GCDrainStackTargetSize                   = 64                                        {product} {ergonomic}
   size_t InitialHeapSize                          = 67108864                                  {product} {command line}
   size_t MarkStackSize                            = 4194304                                   {product} {ergonomic}
   size_t MaxHeapSize                              = 67108864                                  {product} {command line}
   size_t MinHeapDeltaBytes                        = 1048576                                   {product} {ergonomic}
   size_t MinHeapSize                              = 67108864                                  {product} {command line}
    uintx NonNMethodCodeHeapSize                   = 5832780                                {pd product} {ergonomic}
    uintx NonProfiledCodeHeapSize                  = 122912730                              {pd product} {ergonomic}
    uintx ProfiledCodeHeapSize                     = 122912730                              {pd product} {ergonomic}
    uintx ReservedCodeCacheSize                    = 251658240                              {pd product} {ergonomic}
     bool SegmentedCodeCache                       = true                                      {product} {ergonomic}
   size_t SoftMaxHeapSize                          = 67108864                               {manageable} {ergonomic}
     bool UseCompressedClassPointers               = true                           {product lp64_product} {ergonomic}
     bool UseCompressedOops                        = true                           {product lp64_product} {ergonomic}
     bool UseG1GC                                  = true                                      {product} {ergonomic}
     bool UseLargePagesIndividualAllocation        = false                                  {pd product} {ergonomic}

Logging:
Log output configuration:
 #0: stdout all=warning uptime,level,tags
 #1: stderr all=off uptime,level,tags

Environment Variables:
JAVA_HOME=C:\Program Files\Eclipse Adoptium\jdk-17.0.5.8-hotspot\
CLASSPATH=S:\Android-Revist\WorkshopHub\\gradle\wrapper\gradle-wrapper.jar
PATH=C:\Program Files\Eclipse Adoptium\jdk-17.0.5.8-hotspot\bin;C:\Program Files (x86)\Common Files\Oracle\Java\javapath;C:\Program Files (x86)\Common Files\Intel\Shared Libraries\redist\intel64\compiler;C:\Python3.7\Scripts\;C:\Python3.7\;C:\WINDOWS\system32;C:\WINDOWS;C:\WINDOWS\System32\Wbem;C:\WINDOWS\System32\WindowsPowerShell\v1.0\;C:\WINDOWS\System32\OpenSSH\;C:\Python3.7;C:\Program Files (x86)\Git\cmd;C:\Users\Sir\AppData\Roaming\nvm;C:\Program Files\nodejs;C:\ProgramData\ComposerSetup\bin;C:\Users\Sir\Desktop\Root\platform-tools_r34.0.1-windows\platform-tools;C:\Users\Sir\AppData\Local\pnpm;C:\Users\Sir\AppData\Local\Programs\Python\Python311\Scripts\;C:\Users\Sir\AppData\Local\Programs\Python\Python311\;C:\Users\Sir\.local\share\solana\install\active_release\bin;C:\Users\Sir\.cargo\bin;C:\Python\Scripts\;C:\Python\;C:\Program Files (x86)\mingw-w64\i686-8.1.0-posix-dwarf-rt_v6-rev0\mingw32\bin;C:\Program Files\RedHat\java-1.8.0-openjdk-1.8.0.242-3\bin;C:\Users\Sir\AppData\Local\Microsoft\WindowsApps;C:\Program Files (x86)\mingw-w64\i686-8.1.0-posix-dwarf-rt_v6-rev0\mingw32\bin\g++;C:\xampp\php;E:\VSCode-win32-x64-1.71.0\bin;C:\Users\Sir\AppData\Roaming\Python\Python310\Scripts;c:\users\sir\.local\bin;S:\solana-release-x86_64-pc-windows-msvc\solana-release\bin;C:\bzip2-1.0.8.0-win-x64;C:\Users\Sir\AppData\Roaming\npm;C:\Users\Sir\AppData\Roaming\nvm;C:\Program Files\nodejs;C:\Users\Sir\AppData\Roaming\Composer\vendor\bin;S:\chromedriver_win32;C:\Users\Sir\Desktop\TCS\apache-maven-3.9.6\bin;
USERNAME=Sir
OS=Windows_NT
PROCESSOR_IDENTIFIER=Intel64 Family 6 Model 69 Stepping 1, GenuineIntel
TMP=C:\Users\Sir\AppData\Local\Temp
TEMP=C:\Users\Sir\AppData\Local\Temp



---------------  S Y S T E M  ---------------

OS:
 Windows 10 , 64 bit Build 19041 (10.0.19041.3636)
OS uptime: 13 days 4:15 hours
Hyper-V role detected

CPU: total 4 (initial active 4) (2 cores per cpu, 2 threads per core) family 6 model 69 stepping 1 microcode 0x25, cx8, cmov, fxsr, ht, mmx, sse, sse2, sse3, ssse3, sse4.1, sse4.2, popcnt, lzcnt, tsc, tscinvbit, avx, avx2, aes, erms, clmul, bmi1, bmi2, fma, vzeroupper, clflush, hv

Memory: 4k page, system-wide physical 7879M (355M free)
TotalPageFile size 20685M (AvailPageFile size 10M)
current process WorkingSet (physical memory assigned to process): 9M, peak: 9M
current process commit charge ("private bytes"): 51M, peak: 115M

vm_info: OpenJDK 64-Bit Server VM (17.0.5+8) for windows-amd64 JRE (17.0.5+8), built on Oct 19 2022 04:48:13 by "temurin" with MS VC++ 16.7 (VS2019)

END.
